TeamCode/build/intermediates/manifest_merge_blame_file/debug/manifest-merger-blame-debug-report.txt
1<?xml version="1.0" encoding="utf-8"?>
2<!--
3 Note: the actual manifest file used in your APK merges this file with contributions
4     from the modules on which your app depends (such as FtcRobotController, etc).
5     So it won't ultimately be as empty as it might here appear to be :-)
6-->
7<!-- The package name here determines the package for your R class and your BuildConfig class -->
8<manifest xmlns:android="http://schemas.android.com/apk/res/android"
9    package="com.qualcomm.ftcrobotcontroller"
10    android:versionCode="44"
11    android:versionName="7.1" >
12
13    <uses-sdk
14        android:minSdkVersion="23"
14-->src/main/AndroidManifest.xml
15        android:targetSdkVersion="28" />
15-->src/main/AndroidManifest.xml
16
17    <uses-permission android:name="android.permission.RECEIVE_BOOT_COMPLETED" />
17-->[:FtcRobotController] AndroidManifest.xml:12:5-81
17-->[:FtcRobotController] AndroidManifest.xml:12:22-78
18    <uses-permission
18-->[org.firstinspires.ftc:Blocks:7.1.0] AndroidManifest.xml:11:5-13:35
19        android:name="android.permission.WRITE_EXTERNAL_STORAGE"
19-->[org.firstinspires.ftc:Blocks:7.1.0] AndroidManifest.xml:12:9-65
20        android:required="true" />
20-->[org.firstinspires.ftc:Blocks:7.1.0] AndroidManifest.xml:13:9-32
21    <uses-permission
21-->[org.firstinspires.ftc:Blocks:7.1.0] AndroidManifest.xml:14:5-16:35
22        android:name="android.permission.READ_EXTERNAL_STORAGE"
22-->[org.firstinspires.ftc:Blocks:7.1.0] AndroidManifest.xml:15:9-64
23        android:required="true" />
23-->[org.firstinspires.ftc:Blocks:7.1.0] AndroidManifest.xml:16:9-32
24    <uses-permission
24-->[org.firstinspires.ftc:FtcCommon:7.1.0] AndroidManifest.xml:12:5-76
25        android:name="android.permission.ACCESS_WIFI_STATE"
25-->[org.firstinspires.ftc:FtcCommon:7.1.0] AndroidManifest.xml:12:22-73
26        android:required="true" />
26-->[org.firstinspires.ftc:RobotCore:7.1.0] AndroidManifest.xml:13:9-32
27    <uses-permission
27-->[org.firstinspires.ftc:FtcCommon:7.1.0] AndroidManifest.xml:19:5-21:35
28        android:name="android.permission.WRITE_SETTINGS"
28-->[org.firstinspires.ftc:FtcCommon:7.1.0] AndroidManifest.xml:20:9-57
29        android:required="true" />
29-->[org.firstinspires.ftc:FtcCommon:7.1.0] AndroidManifest.xml:21:9-32
30    <uses-permission android:name="android.permission.BLUETOOTH_ADMIN" />
30-->[org.firstinspires.ftc:Inspection:7.1.0] AndroidManifest.xml:12:5-74
30-->[org.firstinspires.ftc:Inspection:7.1.0] AndroidManifest.xml:12:22-71
31    <uses-permission
31-->[org.firstinspires.ftc:Inspection:7.1.0] AndroidManifest.xml:13:5-76
32        android:name="android.permission.CHANGE_WIFI_STATE"
32-->[org.firstinspires.ftc:Inspection:7.1.0] AndroidManifest.xml:13:22-73
33        android:required="true" />
33-->[org.firstinspires.ftc:RobotCore:7.1.0] AndroidManifest.xml:16:9-32
34    <uses-permission
34-->[org.firstinspires.ftc:Inspection:7.1.0] AndroidManifest.xml:14:5-79
35        android:name="android.permission.CHANGE_NETWORK_STATE"
35-->[org.firstinspires.ftc:Inspection:7.1.0] AndroidManifest.xml:14:22-76
36        android:required="true" />
36-->[org.firstinspires.ftc:RobotCore:7.1.0] AndroidManifest.xml:23:9-32
37    <uses-permission
37-->[org.firstinspires.ftc:Inspection:7.1.0] AndroidManifest.xml:15:5-67
38        android:name="android.permission.INTERNET"
38-->[org.firstinspires.ftc:Inspection:7.1.0] AndroidManifest.xml:15:22-64
39        android:required="true" />
39-->[org.firstinspires.ftc:RobotCore:7.1.0] AndroidManifest.xml:26:9-32
40    <uses-permission
40-->[org.firstinspires.ftc:Inspection:7.1.0] AndroidManifest.xml:16:5-79
41        android:name="android.permission.ACCESS_NETWORK_STATE"
41-->[org.firstinspires.ftc:Inspection:7.1.0] AndroidManifest.xml:16:22-76
42        android:required="true" />
42-->[org.firstinspires.ftc:RobotCore:7.1.0] AndroidManifest.xml:20:9-32
43    <uses-permission android:name="android.permission.BLUETOOTH" /> <!-- see AppUtil.setTimeZone() -->
43-->[org.firstinspires.ftc:Inspection:7.1.0] AndroidManifest.xml:17:5-68
43-->[org.firstinspires.ftc:Inspection:7.1.0] AndroidManifest.xml:17:22-65
44    <uses-permission
44-->[org.firstinspires.ftc:RobotCore:7.1.0] AndroidManifest.xml:43:5-45:35
45        android:name="android.permission.SET_TIME_ZONE"
45-->[org.firstinspires.ftc:RobotCore:7.1.0] AndroidManifest.xml:44:9-56
46        android:required="true" />
46-->[org.firstinspires.ftc:RobotCore:7.1.0] AndroidManifest.xml:45:9-32
47    <!--
48  Note: we suspect that this (android.permission.WAKE_LOCK) is no
49  longer needed, but haven't yet found the time necessary to verify
50  that assertion before removing it
51    -->
52    <uses-permission
52-->[org.firstinspires.ftc:RobotCore:7.1.0] AndroidManifest.xml:52:5-54:35
53        android:name="android.permission.WAKE_LOCK"
53-->[org.firstinspires.ftc:RobotCore:7.1.0] AndroidManifest.xml:53:9-52
54        android:required="true" />
54-->[org.firstinspires.ftc:RobotCore:7.1.0] AndroidManifest.xml:54:9-32
55    <uses-permission android:name="android.permission.CAMERA" />
55-->[org.firstinspires.ftc:RobotCore:7.1.0] AndroidManifest.xml:55:5-65
55-->[org.firstinspires.ftc:RobotCore:7.1.0] AndroidManifest.xml:55:22-62
56    <uses-permission
56-->[org.firstinspires.ftc:RobotCore:7.1.0] AndroidManifest.xml:56:5-58:35
57        android:name="android.permission.ACCESS_COARSE_LOCATION"
57-->[org.firstinspires.ftc:RobotCore:7.1.0] AndroidManifest.xml:57:9-65
58        android:required="true" />
58-->[org.firstinspires.ftc:RobotCore:7.1.0] AndroidManifest.xml:58:9-32
59    <uses-permission
59-->[org.firstinspires.ftc:RobotCore:7.1.0] AndroidManifest.xml:59:5-61:35
60        android:name="android.permission.ACCESS_FINE_LOCATION"
60-->[org.firstinspires.ftc:RobotCore:7.1.0] AndroidManifest.xml:60:9-63
61        android:required="true" />
61-->[org.firstinspires.ftc:RobotCore:7.1.0] AndroidManifest.xml:61:9-32
62    <uses-permission
62-->[org.firstinspires.ftc:RobotCore:7.1.0] AndroidManifest.xml:62:5-64:35
63        android:name="android.permission.READ_PHONE_STATE"
63-->[org.firstinspires.ftc:RobotCore:7.1.0] AndroidManifest.xml:63:9-59
64        android:required="true" />
64-->[org.firstinspires.ftc:RobotCore:7.1.0] AndroidManifest.xml:64:9-32
65    <uses-permission
65-->[org.firstinspires.ftc:RobotCore:7.1.0] AndroidManifest.xml:65:5-67:35
66        android:name="com.revrobotics.permission.UPDATE_CONTROL_HUB"
66-->[org.firstinspires.ftc:RobotCore:7.1.0] AndroidManifest.xml:66:9-69
67        android:required="true" />
67-->[org.firstinspires.ftc:RobotCore:7.1.0] AndroidManifest.xml:67:9-32
68
69    <uses-feature android:name="android.hardware.usb.accessory" />
69-->[org.firstinspires.ftc:RobotCore:7.1.0] AndroidManifest.xml:69:5-67
69-->[org.firstinspires.ftc:RobotCore:7.1.0] AndroidManifest.xml:69:19-64
70    <uses-feature android:glEsVersion="0x00020000" />
70-->[org.firstinspires.ftc:RobotCore:7.1.0] AndroidManifest.xml:70:5-54
70-->[org.firstinspires.ftc:RobotCore:7.1.0] AndroidManifest.xml:70:19-51
71    <!--
72        NOTE: Any application that requests the CAMERA permission but does not
73        declare any camera features with the <uses-feature> element will be
74        assumed to use all camera features (auto-focus and flash). Thus, the
75        application will not be compatible with devices that do not support
76        all camera features. We use <uses-feature> to declare only the
77        camera features that our application does need. For instance, if you
78        request the CAMERA permission, but you do not need auto-focus or
79        flash, then declare only the android.hardware.camera feature. The
80        other camera features that you do not request will no longer be
81        assumed as required.
82    -->
83    <uses-feature android:name="android.hardware.camera" />
83-->[org.firstinspires.ftc:RobotCore:7.1.0] AndroidManifest.xml:84:5-60
83-->[org.firstinspires.ftc:RobotCore:7.1.0] AndroidManifest.xml:84:19-57
84
85    <application
85-->src/main/AndroidManifest.xml:11:5-19
86        android:name="org.firstinspires.ftc.robotcore.internal.system.RobotApplication"
86-->[org.firstinspires.ftc:RobotCore:7.1.0] AndroidManifest.xml:86:18-97
87        android:allowBackup="true"
87-->[:FtcRobotController] AndroidManifest.xml:15:9-35
88        android:appComponentFactory="androidx.core.app.CoreComponentFactory"
88-->[androidx.core:core:1.3.0] AndroidManifest.xml:24:18-86
89        android:debuggable="true"
90        android:extractNativeLibs="true"
90-->[:FtcRobotController] AndroidManifest.xml:16:9-41
91        android:icon="@drawable/ic_launcher"
91-->[:FtcRobotController] AndroidManifest.xml:17:9-45
92        android:label="@string/app_name"
92-->[:FtcRobotController] AndroidManifest.xml:18:9-41
93        android:largeHeap="true"
93-->[:FtcRobotController] AndroidManifest.xml:19:9-33
94        android:supportsRtl="true"
94-->[com.github.dogecv:dogecv:2020.4-alpha] AndroidManifest.xml:14:9-35
95        android:testOnly="true"
96        android:theme="@style/AppThemeRedRC"
96-->[:FtcRobotController] AndroidManifest.xml:20:9-45
97        android:usesCleartextTraffic="true" > <!-- Indicates to the ControlHubUpdater what the latest version of the Control Hub is that this app supports -->
97-->[:FtcRobotController] AndroidManifest.xml:21:9-44
98        <meta-data
98-->[:FtcRobotController] AndroidManifest.xml:24:9-26:33
99            android:name="org.firstinspires.latestSupportedControlHubVersion"
99-->[:FtcRobotController] AndroidManifest.xml:25:13-78
100            android:value="1" /> <!-- The main robot controller activity -->
100-->[:FtcRobotController] AndroidManifest.xml:26:13-30
101        <activity
101-->[:FtcRobotController] AndroidManifest.xml:29:9-40:20
102            android:name="org.firstinspires.ftc.robotcontroller.internal.PermissionValidatorWrapper"
102-->[:FtcRobotController] AndroidManifest.xml:30:13-101
103            android:configChanges="orientation|screenSize"
103-->[:FtcRobotController] AndroidManifest.xml:31:13-59
104            android:label="@string/app_name"
104-->[:FtcRobotController] AndroidManifest.xml:32:13-45
105            android:launchMode="singleTask"
105-->[:FtcRobotController] AndroidManifest.xml:33:13-44
106            android:screenOrientation="fullUser" >
106-->[:FtcRobotController] AndroidManifest.xml:34:13-49
107            <intent-filter>
107-->[:FtcRobotController] AndroidManifest.xml:35:13-39:29
108                <category android:name="android.intent.category.LAUNCHER" />
108-->[:FtcRobotController] AndroidManifest.xml:36:17-77
108-->[:FtcRobotController] AndroidManifest.xml:36:27-74
109
110                <action android:name="android.intent.action.MAIN" />
110-->[:FtcRobotController] AndroidManifest.xml:38:17-69
110-->[:FtcRobotController] AndroidManifest.xml:38:25-66
111            </intent-filter>
112        </activity>
113        <activity
113-->[:FtcRobotController] AndroidManifest.xml:41:9-59:20
114            android:name="org.firstinspires.ftc.robotcontroller.internal.FtcRobotControllerActivity"
114-->[:FtcRobotController] AndroidManifest.xml:42:13-101
115            android:configChanges="orientation|screenSize"
115-->[:FtcRobotController] AndroidManifest.xml:43:13-59
116            android:label="@string/app_name"
116-->[:FtcRobotController] AndroidManifest.xml:44:13-45
117            android:launchMode="singleTask"
117-->[:FtcRobotController] AndroidManifest.xml:45:13-44
118            android:screenOrientation="fullUser" >
118-->[:FtcRobotController] AndroidManifest.xml:46:13-49
119            <intent-filter>
119-->[:FtcRobotController] AndroidManifest.xml:47:13-49:29
120                <action android:name="android.hardware.usb.action.USB_DEVICE_ATTACHED" />
120-->[:FtcRobotController] AndroidManifest.xml:48:17-90
120-->[:FtcRobotController] AndroidManifest.xml:48:25-87
121            </intent-filter>
122
123            <meta-data
123-->[:FtcRobotController] AndroidManifest.xml:51:13-53:57
124                android:name="android.hardware.usb.action.USB_DEVICE_ATTACHED"
124-->[:FtcRobotController] AndroidManifest.xml:52:17-79
125                android:resource="@xml/device_filter" />
125-->[:FtcRobotController] AndroidManifest.xml:53:17-54
126
127            <!-- org.firstinspires.main.entry indicates that this app is compatible with the Dragonboard Control Hub -->
128            <meta-data
128-->[:FtcRobotController] AndroidManifest.xml:56:13-58:40
129                android:name="org.firstinspires.main.entry"
129-->[:FtcRobotController] AndroidManifest.xml:57:17-60
130                android:value="true" />
130-->[:FtcRobotController] AndroidManifest.xml:58:17-37
131        </activity> <!-- The robot controller service in which most of the robot functionality is managed -->
132        <service
132-->[:FtcRobotController] AndroidManifest.xml:62:9-64:38
133            android:name="com.qualcomm.ftccommon.FtcRobotControllerService"
133-->[:FtcRobotController] AndroidManifest.xml:63:13-76
134            android:enabled="true" /> <!-- Assistant that autostarts the robot controller on android boot (if it's supposed to) -->
134-->[:FtcRobotController] AndroidManifest.xml:64:13-35
135        <receiver
135-->[:FtcRobotController] AndroidManifest.xml:67:9-78:20
136            android:name="org.firstinspires.ftc.ftccommon.internal.RunOnBoot"
136-->[:FtcRobotController] AndroidManifest.xml:68:13-78
137            android:enabled="true"
137-->[:FtcRobotController] AndroidManifest.xml:69:13-35
138            android:exported="true"
138-->[:FtcRobotController] AndroidManifest.xml:70:13-36
139            android:permission="android.permission.RECEIVE_BOOT_COMPLETED" >
139-->[:FtcRobotController] AndroidManifest.xml:71:13-75
140            <intent-filter>
140-->[:FtcRobotController] AndroidManifest.xml:72:13-77:29
141                <category android:name="android.intent.category.DEFAULT" />
141-->[:FtcRobotController] AndroidManifest.xml:73:17-76
141-->[:FtcRobotController] AndroidManifest.xml:73:27-73
142
143                <action android:name="android.intent.action.BOOT_COMPLETED" />
143-->[:FtcRobotController] AndroidManifest.xml:75:17-79
143-->[:FtcRobotController] AndroidManifest.xml:75:25-76
144                <action android:name="android.intent.action.QUICKBOOT_POWERON" />
144-->[:FtcRobotController] AndroidManifest.xml:76:17-82
144-->[:FtcRobotController] AndroidManifest.xml:76:25-79
145            </intent-filter>
146        </receiver>
147
148        <activity
148-->[org.firstinspires.ftc:Blocks:7.1.0] AndroidManifest.xml:19:9-23:20
149            android:name="org.firstinspires.ftc.ftccommon.internal.ProgramAndManageActivity"
149-->[org.firstinspires.ftc:Blocks:7.1.0] AndroidManifest.xml:20:13-93
150            android:configChanges="orientation|screenSize"
150-->[org.firstinspires.ftc:Blocks:7.1.0] AndroidManifest.xml:21:13-59
151            android:label="@string/program_and_manage_activity" >
151-->[org.firstinspires.ftc:Blocks:7.1.0] AndroidManifest.xml:22:13-64
152        </activity>
153        <activity
153-->[org.firstinspires.ftc:FtcCommon:7.1.0] AndroidManifest.xml:26:9-30:20
154            android:name="com.qualcomm.ftccommon.FtcRobotControllerSettingsActivity"
154-->[org.firstinspires.ftc:FtcCommon:7.1.0] AndroidManifest.xml:27:13-85
155            android:exported="true"
155-->[org.firstinspires.ftc:FtcCommon:7.1.0] AndroidManifest.xml:28:13-36
156            android:label="@string/settings_activity" >
156-->[org.firstinspires.ftc:FtcCommon:7.1.0] AndroidManifest.xml:29:13-54
157        </activity>
158        <activity
158-->[org.firstinspires.ftc:FtcCommon:7.1.0] AndroidManifest.xml:31:9-36:20
159            android:name="com.qualcomm.ftccommon.configuration.FtcLoadFileActivity"
159-->[org.firstinspires.ftc:FtcCommon:7.1.0] AndroidManifest.xml:32:13-84
160            android:configChanges="orientation|screenSize"
160-->[org.firstinspires.ftc:FtcCommon:7.1.0] AndroidManifest.xml:33:13-59
161            android:exported="true"
161-->[org.firstinspires.ftc:FtcCommon:7.1.0] AndroidManifest.xml:34:13-36
162            android:label="@string/configure_activity" >
162-->[org.firstinspires.ftc:FtcCommon:7.1.0] AndroidManifest.xml:35:13-55
163        </activity>
164        <activity
164-->[org.firstinspires.ftc:FtcCommon:7.1.0] AndroidManifest.xml:37:9-42:20
165            android:name="com.qualcomm.ftccommon.configuration.ConfigureFromTemplateActivity"
165-->[org.firstinspires.ftc:FtcCommon:7.1.0] AndroidManifest.xml:38:13-94
166            android:configChanges="orientation|screenSize"
166-->[org.firstinspires.ftc:FtcCommon:7.1.0] AndroidManifest.xml:39:13-59
167            android:exported="true"
167-->[org.firstinspires.ftc:FtcCommon:7.1.0] AndroidManifest.xml:40:13-36
168            android:label="@string/title_activity_configfromtemplate" >
168-->[org.firstinspires.ftc:FtcCommon:7.1.0] AndroidManifest.xml:41:13-70
169        </activity>
170        <activity
170-->[org.firstinspires.ftc:FtcCommon:7.1.0] AndroidManifest.xml:43:9-48:20
171            android:name="com.qualcomm.ftccommon.ViewLogsActivity"
171-->[org.firstinspires.ftc:FtcCommon:7.1.0] AndroidManifest.xml:44:13-67
172            android:configChanges="orientation|screenSize"
172-->[org.firstinspires.ftc:FtcCommon:7.1.0] AndroidManifest.xml:45:13-59
173            android:exported="true"
173-->[org.firstinspires.ftc:FtcCommon:7.1.0] AndroidManifest.xml:46:13-36
174            android:label="@string/view_logs_activity" >
174-->[org.firstinspires.ftc:FtcCommon:7.1.0] AndroidManifest.xml:47:13-55
175        </activity>
176        <activity
176-->[org.firstinspires.ftc:FtcCommon:7.1.0] AndroidManifest.xml:49:9-53:20
177            android:name="com.qualcomm.ftccommon.configuration.FtcConfigurationActivity"
177-->[org.firstinspires.ftc:FtcCommon:7.1.0] AndroidManifest.xml:50:13-89
178            android:configChanges="orientation|screenSize"
178-->[org.firstinspires.ftc:FtcCommon:7.1.0] AndroidManifest.xml:51:13-59
179            android:label="@string/app_name" >
179-->[org.firstinspires.ftc:FtcCommon:7.1.0] AndroidManifest.xml:52:13-45
180        </activity>
181        <activity
181-->[org.firstinspires.ftc:FtcCommon:7.1.0] AndroidManifest.xml:54:9-58:20
182            android:name="com.qualcomm.ftccommon.configuration.FtcNewFileActivity"
182-->[org.firstinspires.ftc:FtcCommon:7.1.0] AndroidManifest.xml:55:13-83
183            android:configChanges="orientation|screenSize"
183-->[org.firstinspires.ftc:FtcCommon:7.1.0] AndroidManifest.xml:56:13-59
184            android:label="@string/app_name" >
184-->[org.firstinspires.ftc:FtcCommon:7.1.0] AndroidManifest.xml:57:13-45
185        </activity>
186        <activity
186-->[org.firstinspires.ftc:FtcCommon:7.1.0] AndroidManifest.xml:59:9-63:20
187            android:name="com.qualcomm.ftccommon.FtcAdvancedRCSettingsActivity"
187-->[org.firstinspires.ftc:FtcCommon:7.1.0] AndroidManifest.xml:60:13-80
188            android:exported="true"
188-->[org.firstinspires.ftc:FtcCommon:7.1.0] AndroidManifest.xml:61:13-36
189            android:label="@string/titleAdvancedRCSettings" >
189-->[org.firstinspires.ftc:FtcCommon:7.1.0] AndroidManifest.xml:62:13-60
190        </activity>
191        <activity
191-->[org.firstinspires.ftc:FtcCommon:7.1.0] AndroidManifest.xml:64:9-67:20
192            android:name="com.qualcomm.ftccommon.FtcLynxFirmwareUpdateActivity"
192-->[org.firstinspires.ftc:FtcCommon:7.1.0] AndroidManifest.xml:65:13-80
193            android:exported="true" >
193-->[org.firstinspires.ftc:FtcCommon:7.1.0] AndroidManifest.xml:66:13-36
194        </activity>
195        <activity
195-->[org.firstinspires.ftc:FtcCommon:7.1.0] AndroidManifest.xml:68:9-71:20
196            android:name="com.qualcomm.ftccommon.FtcLynxModuleAddressUpdateActivity"
196-->[org.firstinspires.ftc:FtcCommon:7.1.0] AndroidManifest.xml:69:13-85
197            android:exported="true" >
197-->[org.firstinspires.ftc:FtcCommon:7.1.0] AndroidManifest.xml:70:13-36
198        </activity>
199        <activity
199-->[org.firstinspires.ftc:FtcCommon:7.1.0] AndroidManifest.xml:72:9-76:20
200            android:name="com.qualcomm.ftccommon.FtcWifiDirectChannelSelectorActivity"
200-->[org.firstinspires.ftc:FtcCommon:7.1.0] AndroidManifest.xml:73:13-87
201            android:exported="true"
201-->[org.firstinspires.ftc:FtcCommon:7.1.0] AndroidManifest.xml:74:13-36
202            android:label="@string/title_activity_wifi_channel_selector" >
202-->[org.firstinspires.ftc:FtcCommon:7.1.0] AndroidManifest.xml:75:13-73
203        </activity>
204        <activity
204-->[org.firstinspires.ftc:FtcCommon:7.1.0] AndroidManifest.xml:77:9-81:20
205            android:name="com.qualcomm.ftccommon.FtcWifiDirectRememberedGroupsActivity"
205-->[org.firstinspires.ftc:FtcCommon:7.1.0] AndroidManifest.xml:78:13-88
206            android:exported="true"
206-->[org.firstinspires.ftc:FtcCommon:7.1.0] AndroidManifest.xml:79:13-36
207            android:label="@string/title_activity_wifi_remembered_groups_editor" >
207-->[org.firstinspires.ftc:FtcCommon:7.1.0] AndroidManifest.xml:80:13-81
208        </activity>
209        <activity
209-->[org.firstinspires.ftc:FtcCommon:7.1.0] AndroidManifest.xml:82:9-85:20
210            android:name="com.qualcomm.ftccommon.AboutActivity"
210-->[org.firstinspires.ftc:FtcCommon:7.1.0] AndroidManifest.xml:83:13-64
211            android:label="@string/about_activity" >
211-->[org.firstinspires.ftc:FtcCommon:7.1.0] AndroidManifest.xml:84:13-51
212        </activity>
213        <activity
213-->[org.firstinspires.ftc:FtcCommon:7.1.0] AndroidManifest.xml:86:9-89:20
214            android:name="com.qualcomm.ftccommon.FtcAboutActivity"
214-->[org.firstinspires.ftc:FtcCommon:7.1.0] AndroidManifest.xml:87:13-67
215            android:label="@string/ftc_about_activity" >
215-->[org.firstinspires.ftc:FtcCommon:7.1.0] AndroidManifest.xml:88:13-55
216        </activity>
217        <activity
217-->[org.firstinspires.ftc:FtcCommon:7.1.0] AndroidManifest.xml:90:9-95:20
218            android:name="com.qualcomm.ftccommon.configuration.EditSwapUsbDevices"
218-->[org.firstinspires.ftc:FtcCommon:7.1.0] AndroidManifest.xml:91:13-83
219            android:configChanges="orientation|screenSize"
219-->[org.firstinspires.ftc:FtcCommon:7.1.0] AndroidManifest.xml:92:13-59
220            android:label="@string/edit_swap_devices_activity"
220-->[org.firstinspires.ftc:FtcCommon:7.1.0] AndroidManifest.xml:93:13-63
221            android:windowSoftInputMode="stateHidden" >
221-->[org.firstinspires.ftc:FtcCommon:7.1.0] AndroidManifest.xml:94:13-54
222        </activity>
223        <activity
223-->[org.firstinspires.ftc:FtcCommon:7.1.0] AndroidManifest.xml:96:9-101:20
224            android:name="com.qualcomm.ftccommon.configuration.EditMotorControllerActivity"
224-->[org.firstinspires.ftc:FtcCommon:7.1.0] AndroidManifest.xml:97:13-92
225            android:configChanges="orientation|screenSize"
225-->[org.firstinspires.ftc:FtcCommon:7.1.0] AndroidManifest.xml:98:13-59
226            android:label="@string/edit_motor_controller_activity"
226-->[org.firstinspires.ftc:FtcCommon:7.1.0] AndroidManifest.xml:99:13-67
227            android:windowSoftInputMode="stateHidden" >
227-->[org.firstinspires.ftc:FtcCommon:7.1.0] AndroidManifest.xml:100:13-54
228        </activity>
229        <activity
229-->[org.firstinspires.ftc:FtcCommon:7.1.0] AndroidManifest.xml:102:9-107:20
230            android:name="com.qualcomm.ftccommon.configuration.EditLegacyMotorControllerActivity"
230-->[org.firstinspires.ftc:FtcCommon:7.1.0] AndroidManifest.xml:103:13-98
231            android:configChanges="orientation|screenSize"
231-->[org.firstinspires.ftc:FtcCommon:7.1.0] AndroidManifest.xml:104:13-59
232            android:label="@string/edit_motor_controller_activity"
232-->[org.firstinspires.ftc:FtcCommon:7.1.0] AndroidManifest.xml:105:13-67
233            android:windowSoftInputMode="stateHidden" >
233-->[org.firstinspires.ftc:FtcCommon:7.1.0] AndroidManifest.xml:106:13-54
234        </activity>
235        <activity
235-->[org.firstinspires.ftc:FtcCommon:7.1.0] AndroidManifest.xml:108:9-113:20
236            android:name="com.qualcomm.ftccommon.configuration.EditMotorListActivity"
236-->[org.firstinspires.ftc:FtcCommon:7.1.0] AndroidManifest.xml:109:13-86
237            android:configChanges="orientation|screenSize"
237-->[org.firstinspires.ftc:FtcCommon:7.1.0] AndroidManifest.xml:110:13-59
238            android:label="@string/edit_motor_controller_activity"
238-->[org.firstinspires.ftc:FtcCommon:7.1.0] AndroidManifest.xml:111:13-67
239            android:windowSoftInputMode="stateHidden" >
239-->[org.firstinspires.ftc:FtcCommon:7.1.0] AndroidManifest.xml:112:13-54
240        </activity>
241        <activity
241-->[org.firstinspires.ftc:FtcCommon:7.1.0] AndroidManifest.xml:114:9-119:20
242            android:name="com.qualcomm.ftccommon.configuration.EditServoControllerActivity"
242-->[org.firstinspires.ftc:FtcCommon:7.1.0] AndroidManifest.xml:115:13-92
243            android:configChanges="orientation|screenSize"
243-->[org.firstinspires.ftc:FtcCommon:7.1.0] AndroidManifest.xml:116:13-59
244            android:label="@string/edit_servo_controller_activity"
244-->[org.firstinspires.ftc:FtcCommon:7.1.0] AndroidManifest.xml:117:13-67
245            android:windowSoftInputMode="stateHidden|adjustResize" >
245-->[org.firstinspires.ftc:FtcCommon:7.1.0] AndroidManifest.xml:118:13-67
246        </activity>
247        <activity
247-->[org.firstinspires.ftc:FtcCommon:7.1.0] AndroidManifest.xml:120:9-125:20
248            android:name="com.qualcomm.ftccommon.configuration.EditLegacyServoControllerActivity"
248-->[org.firstinspires.ftc:FtcCommon:7.1.0] AndroidManifest.xml:121:13-98
249            android:configChanges="orientation|screenSize"
249-->[org.firstinspires.ftc:FtcCommon:7.1.0] AndroidManifest.xml:122:13-59
250            android:label="@string/edit_servo_controller_activity"
250-->[org.firstinspires.ftc:FtcCommon:7.1.0] AndroidManifest.xml:123:13-67
251            android:windowSoftInputMode="stateHidden|adjustResize" >
251-->[org.firstinspires.ftc:FtcCommon:7.1.0] AndroidManifest.xml:124:13-67
252        </activity>
253        <activity
253-->[org.firstinspires.ftc:FtcCommon:7.1.0] AndroidManifest.xml:126:9-131:20
254            android:name="com.qualcomm.ftccommon.configuration.EditServoListActivity"
254-->[org.firstinspires.ftc:FtcCommon:7.1.0] AndroidManifest.xml:127:13-86
255            android:configChanges="orientation|screenSize"
255-->[org.firstinspires.ftc:FtcCommon:7.1.0] AndroidManifest.xml:128:13-59
256            android:label="@string/edit_servo_controller_activity"
256-->[org.firstinspires.ftc:FtcCommon:7.1.0] AndroidManifest.xml:129:13-67
257            android:windowSoftInputMode="stateHidden|adjustResize" >
257-->[org.firstinspires.ftc:FtcCommon:7.1.0] AndroidManifest.xml:130:13-67
258        </activity>
259        <activity
259-->[org.firstinspires.ftc:FtcCommon:7.1.0] AndroidManifest.xml:132:9-137:20
260            android:name="com.qualcomm.ftccommon.configuration.EditLegacyModuleControllerActivity"
260-->[org.firstinspires.ftc:FtcCommon:7.1.0] AndroidManifest.xml:133:13-99
261            android:configChanges="orientation|screenSize"
261-->[org.firstinspires.ftc:FtcCommon:7.1.0] AndroidManifest.xml:134:13-59
262            android:label="@string/edit_legacy_module_controller_activity"
262-->[org.firstinspires.ftc:FtcCommon:7.1.0] AndroidManifest.xml:135:13-75
263            android:windowSoftInputMode="stateHidden|adjustResize" >
263-->[org.firstinspires.ftc:FtcCommon:7.1.0] AndroidManifest.xml:136:13-67
264        </activity>
265        <activity
265-->[org.firstinspires.ftc:FtcCommon:7.1.0] AndroidManifest.xml:138:9-143:20
266            android:name="com.qualcomm.ftccommon.configuration.EditMatrixControllerActivity"
266-->[org.firstinspires.ftc:FtcCommon:7.1.0] AndroidManifest.xml:139:13-93
267            android:configChanges="orientation|screenSize"
267-->[org.firstinspires.ftc:FtcCommon:7.1.0] AndroidManifest.xml:140:13-59
268            android:label="@string/edit_matrix_controller_activity"
268-->[org.firstinspires.ftc:FtcCommon:7.1.0] AndroidManifest.xml:141:13-68
269            android:windowSoftInputMode="stateHidden|adjustResize" >
269-->[org.firstinspires.ftc:FtcCommon:7.1.0] AndroidManifest.xml:142:13-67
270        </activity>
271        <activity
271-->[org.firstinspires.ftc:FtcCommon:7.1.0] AndroidManifest.xml:144:9-149:20
272            android:name="com.qualcomm.ftccommon.configuration.EditDeviceInterfaceModuleActivity"
272-->[org.firstinspires.ftc:FtcCommon:7.1.0] AndroidManifest.xml:145:13-98
273            android:configChanges="orientation|screenSize"
273-->[org.firstinspires.ftc:FtcCommon:7.1.0] AndroidManifest.xml:146:13-59
274            android:label="@string/edit_core_device_interface_module_controller_activity"
274-->[org.firstinspires.ftc:FtcCommon:7.1.0] AndroidManifest.xml:147:13-90
275            android:windowSoftInputMode="stateHidden|adjustResize" >
275-->[org.firstinspires.ftc:FtcCommon:7.1.0] AndroidManifest.xml:148:13-67
276        </activity>
277        <activity
277-->[org.firstinspires.ftc:FtcCommon:7.1.0] AndroidManifest.xml:150:9-155:20
278            android:name="com.qualcomm.ftccommon.configuration.EditLynxModuleActivity"
278-->[org.firstinspires.ftc:FtcCommon:7.1.0] AndroidManifest.xml:151:13-87
279            android:configChanges="orientation|screenSize"
279-->[org.firstinspires.ftc:FtcCommon:7.1.0] AndroidManifest.xml:152:13-59
280            android:label="@string/edit_lynx_module_controller_activity"
280-->[org.firstinspires.ftc:FtcCommon:7.1.0] AndroidManifest.xml:153:13-73
281            android:windowSoftInputMode="stateHidden|adjustResize" >
281-->[org.firstinspires.ftc:FtcCommon:7.1.0] AndroidManifest.xml:154:13-67
282        </activity>
283        <activity